<?xml version="1.0" encoding="UTF-8"?>
<!-- Generated by org.testng.reporters.JUnitXMLReporter -->
<testsuite hostname="Hemwati" ignored="0" name="Default test" tests="4" failures="0" timestamp="2022-12-07T18:15:34 EST" time="3.336" errors="0">
  <testcase name="createOneProduct" time="1.746" classname="testCase.UpdateOneProductAdvanced"/>
  <testcase name="readAllProducts" time="0.922" classname="testCase.UpdateOneProductAdvanced"/>
  <testcase name="uapdateOneProduct" time="0.325" classname="testCase.UpdateOneProductAdvanced"/>
  <testcase name="readOneUpdatedProduct" time="0.316" classname="testCase.UpdateOneProductAdvanced"/>
</testsuite> <!-- Default test -->
