<?xml version="1.0" encoding="UTF-8"?>
<testng-results skipped="0" failed="0" ignored="0" total="4" passed="4">
  <reporter-output>
  </reporter-output>
  <suite name="Default suite" duration-ms="3336" started-at="2022-12-07T18:15:30 EST" finished-at="2022-12-07T18:15:34 EST">
    <groups>
    </groups>
    <test name="Default test" duration-ms="3336" started-at="2022-12-07T18:15:30 EST" finished-at="2022-12-07T18:15:34 EST">
      <class name="testCase.UpdateOneProductAdvanced">
        <test-method status="PASS" signature="createOneProduct()[pri:1, instance:testCase.UpdateOneProductAdvanced@3cb1ffe6]" name="createOneProduct" duration-ms="1746" started-at="2022-12-07T18:15:31 EST" finished-at="2022-12-07T18:15:32 EST">
          <reporter-output>
          </reporter-output>
        </test-method> <!-- createOneProduct -->
        <test-method status="PASS" signature="readAllProducts()[pri:2, instance:testCase.UpdateOneProductAdvanced@3cb1ffe6]" name="readAllProducts" duration-ms="922" started-at="2022-12-07T18:15:32 EST" finished-at="2022-12-07T18:15:33 EST">
          <reporter-output>
          </reporter-output>
        </test-method> <!-- readAllProducts -->
        <test-method status="PASS" signature="uapdateOneProduct()[pri:3, instance:testCase.UpdateOneProductAdvanced@3cb1ffe6]" name="uapdateOneProduct" duration-ms="325" started-at="2022-12-07T18:15:33 EST" finished-at="2022-12-07T18:15:34 EST">
          <reporter-output>
          </reporter-output>
        </test-method> <!-- uapdateOneProduct -->
        <test-method status="PASS" signature="readOneUpdatedProduct()[pri:4, instance:testCase.UpdateOneProductAdvanced@3cb1ffe6]" name="readOneUpdatedProduct" duration-ms="316" started-at="2022-12-07T18:15:34 EST" finished-at="2022-12-07T18:15:34 EST">
          <reporter-output>
          </reporter-output>
        </test-method> <!-- readOneUpdatedProduct -->
      </class> <!-- testCase.UpdateOneProductAdvanced -->
    </test> <!-- Default test -->
  </suite> <!-- Default suite -->
</testng-results>
